<?xml version="1.0" encoding="UTF-8"?>
<testsuite xmlns:xsi="http://www.w3.org/2001/XMLSchema-instance" xsi:noNamespaceSchemaLocation="https://maven.apache.org/surefire/maven-surefire-plugin/xsd/surefire-test-report.xsd" name="com.asenwer93.sber.Test" time="20.291" tests="2" errors="1" skipped="0" failures="1">
  <properties>
[...]
</properties>
  <testcase name="test1" classname="com.asenwer93.sber.Test" time="16.539">
    <failure message="&#10;Expected: is &lt;10&gt;&#10;     but: was &lt;12&gt;" type="java.lang.AssertionError"><![CDATA[java.lang.AssertionError: 

Expected: is <10>
     but: was <12>
	at com.asenwer93.sber.Test.test1(Test.java:61)
]]></failure>
    <system-err><![CDATA[1515614598151	geckodriver	INFO	geckodriver 0.19.1
1515614598167	geckodriver	INFO	Listening on 127.0.0.1:44366
1515614598939	mozrunner::runner	INFO	Running command: "C:\\Program Files\\Mozilla Firefox\\firefox.exe" "-marionette" "-profile" "C:\\Users\\VIKAI~1\\AppData\\Local\\Temp\\rust_mozprofile.M6SjpBxzlwCo"
1515614599430	Marionette	INFO	Enabled via --marionette
Unable to read VR Path Registry from C:\Users\Vika I\AppData\Local\openvr\openvrpaths.vrpath
[Parent 4216, Gecko_IOThread] WARNING: pipe error: 109: file z:/build/build/src/ipc/chromium/src/chrome/common/ipc_channel_win.cc, line 346
Unable to read VR Path Registry from C:\Users\Vika I\AppData\Local\openvr\openvrpaths.vrpath
[Child 4128, Chrome_ChildThread] WARNING: pipe error: 109: file z:/build/build/src/ipc/chromium/src/chrome/common/ipc_channel_win.cc, line 346
1515614600607	Marionette	INFO	Listening on port 51830
1515614601024	Marionette	WARN	TLS certificate errors will be ignored for this session
1515614601120	Marionette	DEBUG	Register listener.js for window 4294967297
янв 10, 2018 11:03:21 PM org.openqa.selenium.remote.ProtocolHandshake createSession
INFO: Detected dialect: W3C
1515614601327	Marionette	DEBUG	Received DOM event "beforeunload" for "about:blank"
1515614601711	Marionette	DEBUG	Received DOM event "pagehide" for "about:blank"
1515614601711	Marionette	DEBUG	Received DOM event "unload" for "about:blank"
1515614602394	Marionette	DEBUG	Received DOM event "DOMContentLoaded" for "https://yandex.ru/"
1515614602971	Marionette	DEBUG	Received DOM event "pageshow" for "https://yandex.ru/"
1515614603052	Marionette	DEBUG	Received DOM event "beforeunload" for "https://yandex.ru/"
1515614603236	Marionette	DEBUG	Received DOM event "pagehide" for "https://yandex.ru/"
1515614603237	Marionette	DEBUG	Received DOM event "unload" for "https://yandex.ru/"
1515614603463	Marionette	DEBUG	Received observer notification "outer-window-destroyed" for "4294967301"
1515614604035	Marionette	DEBUG	Received DOM event "DOMContentLoaded" for "https://market.yandex.ru/?clid=505&utm_source=face_abovesearch&utm_campaign=face_abovesearch"
1515614604532	Marionette	DEBUG	Received DOM event "pageshow" for "https://market.yandex.ru/?clid=505&utm_source=face_abovesearch&utm_campaign=face_abovesearch"
1515614604591	Marionette	DEBUG	Received DOM event "beforeunload" for "https://market.yandex.ru/?clid=505&utm_source=face_abovesearch&utm_campaign=face_abovesearch"
1515614604694	Marionette	DEBUG	Received DOM event "pagehide" for "https://market.yandex.ru/?clid=505&utm_source=face_abovesearch&utm_campaign=face_abovesearch"
1515614604695	Marionette	DEBUG	Received DOM event "unload" for "https://market.yandex.ru/?clid=505&utm_source=face_abovesearch&utm_campaign=face_abovesearch"
1515614604761	Marionette	DEBUG	Received observer notification "outer-window-destroyed" for "4294967306"
1515614604761	Marionette	DEBUG	Received observer notification "outer-window-destroyed" for "4294967304"
1515614605916	Marionette	DEBUG	Received DOM event "DOMContentLoaded" for "https://market.yandex.ru/catalog/54425?hid=91009&track=menu"
1515614606974	Marionette	DEBUG	Received DOM event "pageshow" for "https://market.yandex.ru/catalog/54425?hid=91009&track=menu"
1515614607068	Marionette	DEBUG	Received DOM event "beforeunload" for "https://market.yandex.ru/catalog/54425?hid=91009&track=menu"
1515614607666	Marionette	DEBUG	Received DOM event "pagehide" for "https://market.yandex.ru/catalog/54425?hid=91009&track=menu"
1515614607667	Marionette	DEBUG	Received DOM event "unload" for "https://market.yandex.ru/catalog/54425?hid=91009&track=menu"
1515614608159	Marionette	DEBUG	Received observer notification "outer-window-destroyed" for "4294967311"
1515614608159	Marionette	DEBUG	Received observer notification "outer-window-destroyed" for "4294967309"
1515614609090	Marionette	DEBUG	Received DOM event "DOMContentLoaded" for "https://market.yandex.ru/catalog/54545/list?hid=6427100&track=fr_ctlg&local-offers-first=0"
1515614609684	Marionette	DEBUG	Received DOM event "pageshow" for "https://market.yandex.ru/catalog/54545/list?hid=6427100&track=fr_ctlg&local-offers-first=0&deliveryincluded=0&onstock=1"
1515614609751	Marionette	DEBUG	Received DOM event "beforeunload" for "https://market.yandex.ru/catalog/54545/list?hid=6427100&track=fr_ctlg&local-offers-first=0&deliveryincluded=0&onstock=1"
1515614610341	Marionette	DEBUG	Received DOM event "pagehide" for "https://market.yandex.ru/catalog/54545/list?hid=6427100&track=fr_ctlg&local-offers-first=0&deliveryincluded=0&onstock=1"
1515614610352	Marionette	DEBUG	Received DOM event "unload" for "https://market.yandex.ru/catalog/54545/list?hid=6427100&track=fr_ctlg&local-offers-first=0&deliveryincluded=0&onstock=1"
1515614611395	Marionette	DEBUG	Received observer notification "outer-window-destroyed" for "4294967316"
1515614611395	Marionette	DEBUG	Received observer notification "outer-window-destroyed" for "4294967314"
1515614612014	Marionette	DEBUG	Received DOM event "DOMContentLoaded" for "https://market.yandex.ru/catalog/54545/filters?hid=6427100&track=fr_ctlg&local-offers-first=0&deliveryincluded=0&onstock=1"
1515614612973	Marionette	DEBUG	Received DOM event "pageshow" for "https://market.yandex.ru/catalog/54545/filters?hid=6427100&track=fr_ctlg&local-offers-first=0&deliveryincluded=0&onstock=1"
1515614613340	Marionette	DEBUG	Canceled page load listener because no navigation has been detected
1515614614224	Marionette	DEBUG	Canceled page load listener because no navigation has been detected
1515614614793	Marionette	DEBUG	Canceled page load listener because no navigation has been detected
1515614614841	Marionette	DEBUG	Received DOM event "beforeunload" for "https://market.yandex.ru/catalog/54545/filters?hid=6427100&glfilter=7893318%3A267101&local-offers-first=0&deliveryincluded=0&onstock=1&priceto=25000"
1515614615536	Marionette	DEBUG	Received DOM event "pagehide" for "https://market.yandex.ru/catalog/54545/filters?hid=6427100&glfilter=7893318%3A267101&local-offers-first=0&deliveryincluded=0&onstock=1&priceto=25000"
1515614615539	Marionette	DEBUG	Received DOM event "unload" for "https://market.yandex.ru/catalog/54545/filters?hid=6427100&glfilter=7893318%3A267101&local-offers-first=0&deliveryincluded=0&onstock=1&priceto=25000"
1515614616048	Marionette	DEBUG	Received observer notification "outer-window-destroyed" for "4294967321"
1515614616048	Marionette	DEBUG	Received observer notification "outer-window-destroyed" for "4294967319"
1515614616465	Marionette	DEBUG	Received DOM event "DOMContentLoaded" for "https://market.yandex.ru/catalog/54545/list?hid=6427100&local-offers-first=0&deliveryincluded=0&onstock=1&priceto=25000"
1515614617433	Marionette	DEBUG	Received DOM event "pageshow" for "https://market.yandex.ru/catalog/54545/list?hid=6427100&glfilter=7893318%3A267101&local-offers-first=0&deliveryincluded=0&onstock=1&priceto=25000"
]]></system-err>
  </testcase>
  <testcase name="test2" classname="com.asenwer93.sber.Test" time="0">
    <error message="Session ID is null. Using WebDriver after calling quit()?&#10;Build info: version: &apos;3.8.1&apos;, revision: &apos;6e95a6684b&apos;, time: &apos;2017-12-01T18:33:54.468Z&apos;&#10;System info: host: &apos;VIKA&apos;, ip: &apos;192.168.56.1&apos;, os.name: &apos;Windows 8.1&apos;, os.arch: &apos;x86&apos;, os.version: &apos;6.3&apos;, java.version: &apos;1.8.0_152&apos;&#10;Driver info: driver.version: RemoteWebDriver" type="org.openqa.selenium.NoSuchSessionException">org.openqa.selenium.NoSuchSessionException: 
Session ID is null. Using WebDriver after calling quit()?
Build info: version: '3.8.1', revision: '6e95a6684b', time: '2017-12-01T18:33:54.468Z'
System info: host: 'VIKA', ip: '192.168.56.1', os.name: 'Windows 8.1', os.arch: 'x86', os.version: '6.3', java.version: '1.8.0_152'
Driver info: driver.version: RemoteWebDriver
	at com.asenwer93.sber.Test.test2(Test.java:66)
</error>
  </testcase>
</testsuite>